# JRE version: OpenJDK Runtime Environment (8.0_152-b01) (build 1.8.0_152-release-1248-b01)
# Java VM: OpenJDK 64-Bit Server VM (25.152-b01 mixed mode bsd-amd64 compressed oops)
Heap:
 PSYoungGen      total 313856K, used 313319K [0x00000007a0000000, 0x00000007bf600000, 0x00000007c0000000)
  eden space 304128K, 99% used [0x00000007a0000000,0x00000007b28cd6c0,0x00000007b2900000)
  from space 9728K, 96% used [0x00000007b2900000,0x00000007b322c780,0x00000007b3280000)
  to   space 104960K, 8% used [0x00000007b8f80000,0x00000007b98098a8,0x00000007bf600000)
 ParOldGen       total 386048K, used 251019K [0x0000000760000000, 0x0000000777900000, 0x00000007a0000000)
  object space 386048K, 65% used [0x0000000760000000,0x000000076f522cc0,0x0000000777900000)
 Metaspace       used 154459K, capacity 163470K, committed 163736K, reserved 1191936K
  class space    used 19630K, capacity 21393K, committed 21424K, reserved 1048576K
GC Heap History (10 events):
Event: 2500.199 GC heap after
Heap after GC invocations=53 (full 7):
 PSYoungGen      total 419328K, used 10015K [0x00000007a0000000, 0x00000007c0000000, 0x00000007c0000000)
  eden space 311808K, 0% used [0x00000007a0000000,0x00000007a0000000,0x00000007b3080000)
  from space 107520K, 9% used [0x00000007b9700000,0x00000007ba0c7dd8,0x00000007c0000000)
  to   space 104960K, 0% used [0x00000007b3080000,0x00000007b3080000,0x00000007b9700000)
 ParOldGen       total 352768K, used 308743K [0x0000000760000000, 0x0000000775880000, 0x00000007a0000000)
  object space 352768K, 87% used [0x0000000760000000,0x0000000772d81f18,0x0000000775880000)
 Metaspace       used 153726K, capacity 162566K, committed 162712K, reserved 1189888K
  class space    used 19560K, capacity 21301K, committed 21424K, reserved 1048576K
}
Event: 2500.199 GC heap before
{Heap before GC invocations=54 (full 8):
 PSYoungGen      total 419328K, used 10015K [0x00000007a0000000, 0x00000007c0000000, 0x00000007c0000000)
  eden space 311808K, 0% used [0x00000007a0000000,0x00000007a0000000,0x00000007b3080000)
  from space 107520K, 9% used [0x00000007b9700000,0x00000007ba0c7dd8,0x00000007c0000000)
  to   space 104960K, 0% used [0x00000007b3080000,0x00000007b3080000,0x00000007b9700000)
 ParOldGen       total 352768K, used 308743K [0x0000000760000000, 0x0000000775880000, 0x00000007a0000000)
  object space 352768K, 87% used [0x0000000760000000,0x0000000772d81f18,0x0000000775880000)
 Metaspace       used 153726K, capacity 162566K, committed 162712K, reserved 1189888K
  class space    used 19560K, capacity 21301K, committed 21424K, reserved 1048576K
Event: 2501.056 GC heap after
Heap after GC invocations=54 (full 8):
 PSYoungGen      total 419328K, used 0K [0x00000007a0000000, 0x00000007c0000000, 0x00000007c0000000)
  eden space 311808K, 0% used [0x00000007a0000000,0x00000007a0000000,0x00000007b3080000)
  from space 107520K, 0% used [0x00000007b9700000,0x00000007b9700000,0x00000007c0000000)
  to   space 104960K, 0% used [0x00000007b3080000,0x00000007b3080000,0x00000007b9700000)
 ParOldGen       total 386048K, used 147648K [0x0000000760000000, 0x0000000777900000, 0x00000007a0000000)
  object space 386048K, 38% used [0x0000000760000000,0x00000007690300e0,0x0000000777900000)
 Metaspace       used 153722K, capacity 162560K, committed 162712K, reserved 1189888K
  class space    used 19559K, capacity 21300K, committed 21424K, reserved 1048576K
}
Event: 2502.408 GC heap before
{Heap before GC invocations=55 (full 8):
 PSYoungGen      total 419328K, used 311808K [0x00000007a0000000, 0x00000007c0000000, 0x00000007c0000000)
  eden space 311808K, 100% used [0x00000007a0000000,0x00000007b3080000,0x00000007b3080000)
  from space 107520K, 0% used [0x00000007b9700000,0x00000007b9700000,0x00000007c0000000)
  to   space 104960K, 0% used [0x00000007b3080000,0x00000007b3080000,0x00000007b9700000)
 ParOldGen       total 386048K, used 147648K [0x0000000760000000, 0x0000000777900000, 0x00000007a0000000)
  object space 386048K, 38% used [0x0000000760000000,0x00000007690300e0,0x0000000777900000)
 Metaspace       used 153977K, capacity 162870K, committed 163224K, reserved 1191936K
  class space    used 19591K, capacity 21337K, committed 21424K, reserved 1048576K
Event: 2502.492 GC heap after
Heap after GC invocations=55 (full 8):
 PSYoungGen      total 387584K, used 75356K [0x00000007a0000000, 0x00000007c0000000, 0x00000007c0000000)
  eden space 311808K, 0% used [0x00000007a0000000,0x00000007a0000000,0x00000007b3080000)
  from space 75776K, 99% used [0x00000007b3080000,0x00000007b7a17038,0x00000007b7a80000)
  to   space 113152K, 0% used [0x00000007b9180000,0x00000007b9180000,0x00000007c0000000)
 ParOldGen       total 386048K, used 147648K [0x0000000760000000, 0x0000000777900000, 0x00000007a0000000)
  object space 386048K, 38% used [0x0000000760000000,0x00000007690300e0,0x0000000777900000)
 Metaspace       used 153977K, capacity 162870K, committed 163224K, reserved 1191936K
  class space    used 19591K, capacity 21337K, committed 21424K, reserved 1048576K
}
Event: 2506.915 GC heap before
{Heap before GC invocations=56 (full 8):
 PSYoungGen      total 387584K, used 387164K [0x00000007a0000000, 0x00000007c0000000, 0x00000007c0000000)
  eden space 311808K, 100% used [0x00000007a0000000,0x00000007b3080000,0x00000007b3080000)
  from space 75776K, 99% used [0x00000007b3080000,0x00000007b7a17038,0x00000007b7a80000)
  to   space 113152K, 0% used [0x00000007b9180000,0x00000007b9180000,0x00000007c0000000)
 ParOldGen       total 386048K, used 147648K [0x0000000760000000, 0x0000000777900000, 0x00000007a0000000)
  object space 386048K, 38% used [0x0000000760000000,0x00000007690300e0,0x0000000777900000)
 Metaspace       used 154233K, capacity 163118K, committed 163224K, reserved 1191936K
  class space    used 19620K, capacity 21377K, committed 21424K, reserved 1048576K
Event: 2507.117 GC heap after
Heap after GC invocations=56 (full 8):
 PSYoungGen      total 417280K, used 30050K [0x00000007a0000000, 0x00000007c0000000, 0x00000007c0000000)
  eden space 304128K, 0% used [0x00000007a0000000,0x00000007a0000000,0x00000007b2900000)
  from space 113152K, 26% used [0x00000007b9180000,0x00000007baed8af0,0x00000007c0000000)
  to   space 107008K, 0% used [0x00000007b2900000,0x00000007b2900000,0x00000007b9180000)
 ParOldGen       total 386048K, used 221723K [0x0000000760000000, 0x0000000777900000, 0x00000007a0000000)
  object space 386048K, 57% used [0x0000000760000000,0x000000076d886d38,0x0000000777900000)
 Metaspace       used 154233K, capacity 163118K, committed 163224K, reserved 1191936K
  class space    used 19620K, capacity 21377K, committed 21424K, reserved 1048576K
}
Event: 2626.908 GC heap before
{Heap before GC invocations=57 (full 8):
 PSYoungGen      total 417280K, used 334178K [0x00000007a0000000, 0x00000007c0000000, 0x00000007c0000000)
  eden space 304128K, 100% used [0x00000007a0000000,0x00000007b2900000,0x00000007b2900000)
  from space 113152K, 26% used [0x00000007b9180000,0x00000007baed8af0,0x00000007c0000000)
  to   space 107008K, 0% used [0x00000007b2900000,0x00000007b2900000,0x00000007b9180000)
 ParOldGen       total 386048K, used 221723K [0x0000000760000000, 0x0000000777900000, 0x00000007a0000000)
  object space 386048K, 57% used [0x0000000760000000,0x000000076d886d38,0x0000000777900000)
 Metaspace       used 154332K, capacity 163340K, committed 163480K, reserved 1191936K
  class space    used 19623K, capacity 21382K, committed 21424K, reserved 1048576K
Event: 2626.986 GC heap after
Heap after GC invocations=57 (full 8):
 PSYoungGen      total 313856K, used 9393K [0x00000007a0000000, 0x00000007bf600000, 0x00000007c0000000)
  eden space 304128K, 0% used [0x00000007a0000000,0x00000007a0000000,0x00000007b2900000)
  from space 9728K, 96% used [0x00000007b2900000,0x00000007b322c780,0x00000007b3280000)
  to   space 104960K, 0% used [0x00000007b8f80000,0x00000007b8f80000,0x00000007bf600000)
 ParOldGen       total 386048K, used 249681K [0x0000000760000000, 0x0000000777900000, 0x00000007a0000000)
  object space 386048K, 64% used [0x0000000760000000,0x000000076f3d47a8,0x0000000777900000)
 Metaspace       used 154332K, capacity 163340K, committed 163480K, reserved 1191936K
  class space    used 19623K, capacity 21382K, committed 21424K, reserved 1048576K
}
Event: 7911.327 GC heap before
{Heap before GC invocations=58 (full 8):
 PSYoungGen      total 313856K, used 313319K [0x00000007a0000000, 0x00000007bf600000, 0x00000007c0000000)
  eden space 304128K, 99% used [0x00000007a0000000,0x00000007b28cd6c0,0x00000007b2900000)
  from space 9728K, 96% used [0x00000007b2900000,0x00000007b322c780,0x00000007b3280000)
  to   space 104960K, 0% used [0x00000007b8f80000,0x00000007b8f80000,0x00000007bf600000)
 ParOldGen       total 386048K, used 249681K [0x0000000760000000, 0x0000000777900000, 0x00000007a0000000)
  object space 386048K, 64% used [0x0000000760000000,0x000000076f3d47a8,0x0000000777900000)
 Metaspace       used 154459K, capacity 163470K, committed 163736K, reserved 1191936K
  class space    used 19630K, capacity 21393K, committed 21424K, reserved 1048576K

